
[Thu Aug 18 00:56:10 CEST 2016] - Door is now OPEN
[Thu Aug 18 00:56:14 CEST 2016] - Door is now CLOSE
[Thu Aug 18 00:56:18 CEST 2016] - Door is now OPEN
[Thu Aug 18 00:56:22 CEST 2016] - Door is now CLOSE
[Thu Aug 18 00:56:28 CEST 2016] - Door is now OPEN
[Thu Aug 18 00:56:32 CEST 2016] - Door is now CLOSE
[Thu Aug 18 01:26:59 CEST 2016] - Door is now OPEN
[Thu Aug 18 01:27:04 CEST 2016] - Door is now CLOSE
[Thu Aug 18 10:00:33 CEST 2016] - Door is now OPEN
[Thu Aug 18 10:00:39 CEST 2016] - Door is now CLOSE
[Thu Aug 18 11:30:01 CEST 2016] - Door is now OPEN
[Thu Aug 18 11:30:07 CEST 2016] - Door is now CLOSE
[Thu Aug 18 14:58:38 CEST 2016] - Door is now OPEN
[Thu Aug 18 14:58:55 CEST 2016] - Door is now CLOSE
[Thu Aug 18 16:56:14 CEST 2016] - Door is now OPEN
[Thu Aug 18 16:56:17 CEST 2016] - Door is now CLOSE
[Thu Aug 18 16:56:18 CEST 2016] - Door is now OPEN
[Thu Aug 18 16:56:23 CEST 2016] - Door is now CLOSE
[Thu Aug 18 16:56:32 CEST 2016] - Door is now OPEN
[Thu Aug 18 16:56:35 CEST 2016] - Door is now CLOSE
[Thu Aug 18 19:55:22 CEST 2016] - Door is now OPEN
[Thu Aug 18 19:57:32 CEST 2016] - Door is now CLOSE
[Thu Aug 18 19:57:44 CEST 2016] - Door is now OPEN
[Thu Aug 18 19:57:51 CEST 2016] - Door is now CLOSE
[Thu Aug 18 20:02:25 CEST 2016] - Door is now OPEN
[Thu Aug 18 20:02:34 CEST 2016] - Door is now CLOSE
[Thu Aug 18 20:13:21 CEST 2016] - Door is now OPEN
[Thu Aug 18 20:13:29 CEST 2016] - Door is now CLOSE
[Fri Aug 19 18:27:52 CEST 2016] - Door is now OPEN
[Fri Aug 19 18:27:58 CEST 2016] - Door is now CLOSE
[Fri Aug 19 18:43:18 CEST 2016] - Door is now OPEN
[Fri Aug 19 18:43:24 CEST 2016] - Door is now CLOSE
[Sat Aug 20 21:13:48 CEST 2016] - Door is now OPEN
[Sat Aug 20 21:14:00 CEST 2016] - Door is now CLOSE
[Sat Aug 20 21:34:41 CEST 2016] - Door is now OPEN
[Sat Aug 20 21:34:47 CEST 2016] - Door is now CLOSE
[Sun Aug 21 18:53:56 CEST 2016] - Door is now OPEN
[Sun Aug 21 18:54:36 CEST 2016] - Door is now CLOSE
[Sun Aug 21 19:08:23 CEST 2016] - Door is now OPEN
[Sun Aug 21 19:09:38 CEST 2016] - Door is now CLOSE
[Mon Aug 22 01:01:36 CEST 2016] - Door is now OPEN
[Mon Aug 22 01:01:36 CEST 2016] - Door is now CLOSE
[Mon Aug 22 05:43:47 CEST 2016] - Door is now OPEN
Security is OFF : Nothing to do
[Mon Aug 22 05:43:51 CEST 2016] - Door is now CLOSE
[Mon Aug 22 05:44:00 CEST 2016] - Door is now OPEN
SECURITY IS ON : PROCEDURE ENGAGED !
-SECURITY- Waiting 15 SEC FOR DEAC...
[Mon Aug 22 05:44:02 CEST 2016] - Door is now CLOSE
[Mon Aug 22 05:51:54 CEST 2016] - Door is now OPEN
-SECURITY- Security is OFF : Nothing to do
[Mon Aug 22 05:51:57 CEST 2016] - Door is now CLOSE
[Mon Aug 22 05:52:02 CEST 2016] - Door is now OPEN
-SECURITY- SECURITY IS ON : PROCEDURE ENGAGED !
-SECURITY- Waiting 15 SEC FOR DEAC...
[Mon Aug 22 05:52:08 CEST 2016] - Door is now CLOSE
-SECURITY- Security DISENGAGED : Return to Normal
[Mon Aug 22 05:52:30 CEST 2016] - Door is now OPEN
-SECURITY- SECURITY IS ON : PROCEDURE ENGAGED !
-SECURITY- Waiting 15 SEC FOR DEAC...
[Mon Aug 22 05:52:44 CEST 2016] - Door is now CLOSE
-SECURITY- SECURITY BREACH CONFIRMED. PROCEED NOW !
[Mon Aug 22 08:56:57 CEST 2016] - Door is now OPEN
[Mon Aug 22 08:56:59 CEST 2016] - Door is now CLOSE
-SECURITY- SECURITY IS ON : PROCEDURE ENGAGED !
-SECURITY- Waiting 15 SEC FOR DEAC...
-SECURITY- SECURITY BREACH CONFIRMED. PROCEED NOW !
-SECURITY- SECURITY IS ON : PROCEDURE ENGAGED !
-SECURITY- Waiting 15 SEC FOR DEAC...
-SECURITY- SECURITY BREACH CONFIRMED. PROCEED NOW !
[Mon Aug 22 09:01:16 CEST 2016] - Door is now OPEN
-SECURITY- SECURITY IS ON : PROCEDURE ENGAGED !
-SECURITY- Waiting 15 SEC FOR DEAC...
[Mon Aug 22 09:01:21 CEST 2016] - Door is now CLOSE
-SECURITY- SECURITY BREACH CONFIRMED. PROCEED NOW !
[Mon Aug 22 09:03:05 CEST 2016] - Door is now OPEN
-SECURITY- SECURITY IS ON : PROCEDURE ENGAGED !
-SECURITY- Waiting 15 SEC FOR DEAC...
[Mon Aug 22 09:03:11 CEST 2016] - Door is now CLOSE
-SECURITY- SECURITY BREACH CONFIRMED. PROCEED NOW !
[Mon Aug 22 09:11:39 CEST 2016] - Door is now OPEN
-SECURITY- SECURITY IS ON : PROCEDURE ENGAGED !
-SECURITY- Waiting 15 SEC FOR DEAC...
[Mon Aug 22 09:11:45 CEST 2016] - Door is now CLOSE
-SECURITY- SECURITY BREACH CONFIRMED. PROCEED NOW !
[Mon Aug 22 09:13:22 CEST 2016] - Door is now OPEN
-SECURITY- SECURITY IS ON : PROCEDURE ENGAGED !
-SECURITY- Waiting 15 SEC FOR DEAC...
[Mon Aug 22 09:13:27 CEST 2016] - Door is now CLOSE
-SECURITY- SECURITY BREACH CONFIRMED. PROCEED NOW !
[Mon Aug 22 09:15:03 CEST 2016] - Door is now OPEN
-SECURITY- SECURITY IS ON : PROCEDURE ENGAGED !
-SECURITY- Waiting 15 SEC FOR DEAC...
[Mon Aug 22 09:15:09 CEST 2016] - Door is now CLOSE
-SECURITY- SECURITY BREACH CONFIRMED. PROCEED NOW !
[Mon Aug 22 09:19:19 CEST 2016] - Door is now OPEN
-SECURITY- SECURITY IS ON : PROCEDURE ENGAGED !
-SECURITY- Waiting 15 SEC FOR DEAC...
[Mon Aug 22 09:19:24 CEST 2016] - Door is now CLOSE
-SECURITY- SECURITY BREACH CONFIRMED. PROCEED NOW !
[Mon Aug 22 09:21:38 CEST 2016] - Door is now OPEN
-SECURITY- SECURITY IS ON : PROCEDURE ENGAGED !
-SECURITY- Waiting 15 SEC FOR DEAC...
[Mon Aug 22 09:21:43 CEST 2016] - Door is now CLOSE
-SECURITY- SECURITY BREACH CONFIRMED. PROCEED NOW !
