[Sun Aug 21 23:55:30 CEST 2016] - 49C26985 Tagaction
[Sun Aug 21 23:55:32 CEST 2016] - 49C26985 Tagaction
[Sun Aug 21 23:57:48 CEST 2016] - 49C26985 Tagaction
[Sun Aug 21 23:58:01 CEST 2016] - 49C26985 Tagaction
[Sun Aug 21 23:58:05 CEST 2016] - 49C26985 Tagaction
[Sun Aug 21 23:58:12 CEST 2016] - 49C26985 Tagaction
[Sun Aug 21 23:58:15 CEST 2016] - 49C26985 Tagaction
[Sun Aug 21 23:58:22 CEST 2016] - 49C26985 Tagaction
[Sun Aug 21 23:59:11 CEST 2016] - 49C26985 Tagaction
[Sun Aug 21 23:59:14 CEST 2016] - 49C26985 Tagaction
[Mon Aug 22 00:00:36 CEST 2016] - 49C26985 Tagaction
[Mon Aug 22 00:00:38 CEST 2016] - 49C26985 Tagaction
[Mon Aug 22 00:07:35 CEST 2016] - 49C26985 Tagaction
[Mon Aug 22 00:07:38 CEST 2016] - 49C26985 Tagaction
[Mon Aug 22 00:14:39 CEST 2016] - 49C26985 Tagaction
[Mon Aug 22 00:14:41 CEST 2016] - 49C26985 Tagaction
[Mon Aug 22 00:48:06 CEST 2016] - 49C26985 Tagaction
[Mon Aug 22 00:48:12 CEST 2016] - 49C26985 Tagaction
[Mon Aug 22 00:48:33 CEST 2016] - 49C26985 Tagaction
[Mon Aug 22 00:48:37 CEST 2016] - 49C26985 Tagaction
[Mon Aug 22 00:48:44 CEST 2016] - 49C26985 Tagaction
[Mon Aug 22 00:48:49 CEST 2016] - 49C26985 Tagaction
[Mon Aug 22 00:49:12 CEST 2016] - 49C26985 Tagaction
[Mon Aug 22 00:49:18 CEST 2016] - 49C26985 Tagaction
[Mon Aug 22 01:20:02 CEST 2016] - 49C26985 Tagaction
[Mon Aug 22 01:20:06 CEST 2016] - 49C26985 Tagaction
[Mon Aug 22 01:21:35 CEST 2016] - 49C26985 Tagaction
[Mon Aug 22 01:21:38 CEST 2016] - 49C26985 Tagaction
[Mon Aug 22 02:36:05 CEST 2016] - 49C26985 Tagaction
[Mon Aug 22 02:36:14 CEST 2016] - 49C26985 Tagaction
[Mon Aug 22 02:36:21 CEST 2016] - 49C26985 Tagaction
[Mon Aug 22 02:36:23 CEST 2016] - 49C26985 Tagaction
[Mon Aug 22 02:52:01 CEST 2016] - 49C26985 Tagaction
[Mon Aug 22 02:52:06 CEST 2016] - 49C26985 Tagaction
[Mon Aug 22 03:02:15 CEST 2016] - 49C26985 Tagaction
[Mon Aug 22 03:02:22 CEST 2016] - 49C26985 Tagaction
[Mon Aug 22 03:02:27 CEST 2016] - 49C26985 Tagaction
[Mon Aug 22 03:02:30 CEST 2016] - 49C26985 Tagaction
[Mon Aug 22 03:12:38 CEST 2016] - 49C26985 Tagaction
[Mon Aug 22 03:12:48 CEST 2016] - 49C26985 Tagaction
[Mon Aug 22 03:26:25 CEST 2016] - 49C26985 Tagaction
[Mon Aug 22 03:26:35 CEST 2016] - 49C26985 Tagaction
[Mon Aug 22 04:08:59 CEST 2016] - 49C26985 Tagaction
[Mon Aug 22 04:09:05 CEST 2016] - 49C26985 Tagaction
[Mon Aug 22 04:24:56 CEST 2016] - 49C26985 Tagaction
[Mon Aug 22 04:25:00 CEST 2016] - 49C26985 Tagaction
[Mon Aug 22 04:44:39 CEST 2016] - 49C26985 Tagaction
[Mon Aug 22 04:44:52 CEST 2016] - 49C26985 Tagaction
[Mon Aug 22 04:51:53 CEST 2016] - 49C26985 Tagaction
[Mon Aug 22 04:51:57 CEST 2016] - 49C26985 Tagaction
[Mon Aug 22 05:20:54 CEST 2016] - A24DB987 Tagaction
[Mon Aug 22 05:20:57 CEST 2016] - A24DB987 Tagaction
[Mon Aug 22 05:21:02 CEST 2016] - A24DB987 Tagaction
[Mon Aug 22 05:21:05 CEST 2016] - A24DB987 Tagaction
[Mon Aug 22 05:21:08 CEST 2016] - A24DB987 Tagaction
[Mon Aug 22 05:21:14 CEST 2016] - A24DB987 Tagaction
[Mon Aug 22 05:21:23 CEST 2016] - A24DB987 Tagaction
[Mon Aug 22 05:21:31 CEST 2016] - A24DB987 Tagaction
[Mon Aug 22 05:21:42 CEST 2016] - A24DB987 Tagaction
[Mon Aug 22 05:21:53 CEST 2016] - A24DB987 Tagaction
[Mon Aug 22 05:43:31 CEST 2016] - A24DB987 Tagaction
[Mon Aug 22 05:43:35 CEST 2016] - A24DB987 Tagaction
[Mon Aug 22 05:43:56 CEST 2016] - A24DB987 Tagaction
[Mon Aug 22 05:44:06 CEST 2016] - A24DB987 Tagaction
[Mon Aug 22 05:51:59 CEST 2016] - A24DB987 Tagaction
[Mon Aug 22 05:52:05 CEST 2016] - A24DB987 Tagaction
[Mon Aug 22 05:52:27 CEST 2016] - A24DB987 Tagaction
[Mon Aug 22 05:52:54 CEST 2016] - A24DB987 Tagaction
[Mon Aug 22 08:56:52 CEST 2016] - A24DB987 Tagaction
[Mon Aug 22 09:23:10 CEST 2016] - 49C26985 Tagaction
[Mon Aug 22 09:23:17 CEST 2016] - 49C26985 Tagaction
[Mon Aug 22 13:10:56 CEST 2016] - A24DB987 Tagaction
[Mon Aug 22 13:11:15 CEST 2016] - A24DB987 Tagaction
[Mon Aug 22 13:13:25 CEST 2016] - 49C26985 Tagaction
[Mon Aug 22 13:13:28 CEST 2016] - 49C26985 Tagaction
[Mon Aug 22 14:36:15 CEST 2016] - 49C26985 Tagaction
[Mon Aug 22 14:36:24 CEST 2016] - 49C26985 Tagaction
[Mon Aug 22 14:36:26 CEST 2016] - 49C26985 Tagaction
[Mon Aug 22 17:35:05 CEST 2016] - 847DAFA Tagaction
[Mon Aug 22 17:35:13 CEST 2016] - 8D21330 Tagaction
[Mon Aug 22 17:35:15 CEST 2016] - 8E763F Tagaction
[Mon Aug 22 17:35:17 CEST 2016] - 8975BF6 Tagaction
[Sun Aug 28 07:01:56 CEST 2016] - 4285BA87 Tagaction
[Sun Aug 28 07:01:59 CEST 2016] - 4285BA87 Tagaction
[Wed Sep 14 10:22:18 CEST 2016] - 49C26985 Tagaction
[Wed Sep 14 10:22:23 CEST 2016] - 49C26985 Tagaction
[Sun Sep 18 02:26:02 CEST 2016] - 8E11397A Tagaction
[Mon Sep 19 14:35:05 CEST 2016] - 49C26985 Tagaction
[Mon Sep 19 14:35:16 CEST 2016] - 49C26985 Tagaction
[Mon Sep 19 14:35:23 CEST 2016] - 49C26985 Tagaction
[Mon Sep 19 14:35:26 CEST 2016] - 49C26985 Tagaction
[Fri Oct  7 16:14:38 CEST 2016] - 49C26985 Tagaction
[Fri Oct  7 16:14:43 CEST 2016] - 49C26985 Tagaction
[Sat Dec 31 14:45:00 CET 2016] - A6C1C032 Tagaction
[Sat Dec 31 14:45:03 CET 2016] - A6C1C032 Tagaction
[Sat Dec 31 14:48:32 CET 2016] - A6C1C032 Tagaction
[Sat Dec 31 14:48:37 CET 2016] - A6C1C032 Tagaction
[Sat Dec 31 14:48:43 CET 2016] - A6C1C032 Tagaction
[Sat Dec 31 14:48:47 CET 2016] - A6C1C032 Tagaction
[Sat Dec 31 14:48:49 CET 2016] - A6C1C032 Tagaction
[Sat Dec 31 14:49:55 CET 2016] - A6C1C032 Tagaction
[Sat Dec 31 14:50:03 CET 2016] - A6C1C032 Tagaction
[Sat Dec 31 14:50:23 CET 2016] - A6C1C032 Tagaction
[Sat Dec 31 14:50:39 CET 2016] - A6C1C032 Tagaction
[Sat Dec 31 15:05:48 CET 2016] - A6C1C032 Tagaction
[Sat Dec 31 15:05:58 CET 2016] - A6C1C032 Tagaction
[Sat Dec 31 18:27:04 CET 2016] - A6C1C032 Tagaction
[Sat Dec 31 18:27:18 CET 2016] - A6C1C032 Tagaction
[Sat Dec 31 18:27:27 CET 2016] - A6C1C032 Tagaction
[Sat Dec 31 18:27:46 CET 2016] - A6C1C032 Tagaction
[Sat Dec 31 18:27:54 CET 2016] - A6C1C032 Tagaction
[Sun Jan  1 00:35:23 CET 2017] - A6C1C032 Tagaction
[Sun Jan  1 05:06:12 CET 2017] - A6C1C032 Tagaction
[Sun Jan  1 19:20:02 CET 2017] - 4285BA87 Tagaction
[Sun Jan  1 19:20:07 CET 2017] - 4285BA87 Tagaction
[Sun Jan  1 19:20:23 CET 2017] - 4285BA87 Tagaction
[Sun Jan  1 19:20:27 CET 2017] - 4285BA87 Tagaction
[Mon Jan  2 09:09:51 CET 2017] - A6C1C032 Tagaction
[Mon Jan  2 09:09:59 CET 2017] - A6C1C032 Tagaction
[Mon Jan  2 14:42:14 CET 2017] - 4285BA87 Tagaction
[Mon Jan  2 20:17:18 CET 2017] - A6C1C032 Tagaction
[Tue Jan  3 08:51:59 CET 2017] - A6C1C032 Tagaction
[Tue Jan  3 08:52:06 CET 2017] - A6C1C032 Tagaction
[Tue Jan  3 09:09:47 CET 2017] - A6C1C032 Tagaction
[Tue Jan  3 14:40:53 CET 2017] - 4285BA87 Tagaction
[Tue Jan  3 14:41:21 CET 2017] - 4285BA87 Tagaction
[Tue Jan  3 20:25:40 CET 2017] - A6C1C032 Tagaction
[Tue Jan  3 21:03:30 CET 2017] - 4285BA87 Tagaction
[Tue Jan  3 21:03:48 CET 2017] - 4285BA87 Tagaction
[Tue Jan  3 21:03:56 CET 2017] - 4285BA87 Tagaction
[Wed Jan  4 09:15:56 CET 2017] - A6C1C032 Tagaction
[Wed Jan  4 14:36:37 CET 2017] - 4285BA87 Tagaction
[Wed Jan  4 19:42:38 CET 2017] - A6C1C032 Tagaction
[Wed Jan  4 20:56:18 CET 2017] - 4285BA87 Tagaction
[Thu Jan  5 08:42:48 CET 2017] - A6C1C032 Tagaction
[Thu Jan  5 16:32:34 CET 2017] - 4285BA87 Tagaction
[Thu Jan  5 17:21:13 CET 2017] - 4285BA87 Tagaction
[Thu Jan  5 17:39:04 CET 2017] - 4285BA87 Tagaction
[Thu Jan  5 18:59:17 CET 2017] - A6C1C032 Tagaction
[Thu Jan  5 19:13:19 CET 2017] - 4285BA87 Tagaction
[Fri Jan  6 08:06:42 CET 2017] - A6C1C032 Tagaction
[Fri Jan  6 08:06:47 CET 2017] - A6C1C032 Tagaction
[Fri Jan  6 08:56:22 CET 2017] - A6C1C032 Tagaction
[Fri Jan  6 19:41:19 CET 2017] - A6C1C032 Tagaction
[Sat Jan  7 12:18:28 CET 2017] - 4285BA87 Tagaction
[Sat Jan  7 15:26:03 CET 2017] - 4285BA87 Tagaction
[Sat Jan  7 22:56:24 CET 2017] - A6C1C032 Tagaction
[Sat Jan  7 22:56:29 CET 2017] - A6C1C032 Tagaction
[Mon Jan  9 08:42:56 CET 2017] - A6C1C032 Tagaction
[Mon Jan  9 16:48:06 CET 2017] - 4285BA87 Tagaction
[Mon Jan  9 19:47:32 CET 2017] - 4285BA87 Tagaction
[Mon Jan  9 19:50:51 CET 2017] - A6C1C032 Tagaction
[Tue Jan 10 09:06:54 CET 2017] - A6C1C032 Tagaction
[Tue Jan 10 19:28:38 CET 2017] - A6C1C032 Tagaction
[Wed Jan 11 09:01:19 CET 2017] - A6C1C032 Tagaction
[Wed Jan 11 19:53:24 CET 2017] - A6C1C032 Tagaction
[Mon Jan 16 10:11:16 CET 2017] - A6C1C032 Tagaction
[Mon Jan 16 14:55:07 CET 2017] - 4285BA87 Tagaction
[Mon Jan 16 21:11:22 CET 2017] - 4285BA87 Tagaction
[Tue Jan 17 11:33:20 CET 2017] - 4285BA87 Tagaction
[Tue Jan 17 13:17:33 CET 2017] - 4285BA87 Tagaction
